<?xml version="1.0" encoding="UTF-8"?>
<!-- Generated by org.testng.reporters.JUnitReportReporter -->
<testsuite hostname="LAPTOP-E6GBO1VS" failures="0" tests="1" name="getPropProg.getPropertyProgrammeTest" time="0.017" errors="0" timestamp="2022-03-30T14:43:38 IST" skipped="0">
  <testcase classname="getPropProg.getPropertyProgrammeTest" name="getPropertyProg" time="0.017"/>
  <system-out/>
</testsuite> <!-- getPropProg.getPropertyProgrammeTest -->
