<?xml version="1.0" encoding="UTF-8"?>
<!-- Generated by org.testng.reporters.JUnitReportReporter -->
<testsuite hostname="LAPTOP-E6GBO1VS" failures="0" tests="1" name="getPropProg.getPropertyProgramme" time="0.020" errors="0" timestamp="2022-03-16T11:45:32 IST" skipped="0">
  <testcase classname="getPropProg.getPropertyProgramme" name="getPropertyProg" time="0.020"/>
  <system-out/>
</testsuite> <!-- getPropProg.getPropertyProgramme -->
