<?xml version="1.0" encoding="UTF-8"?>
<!-- Generated by org.testng.reporters.JUnitReportReporter -->
<testsuite hostname="LAPTOP-E6GBO1VS" failures="0" tests="1" name="getPropProg.check" time="0.016" errors="0" timestamp="2022-04-04T15:20:45 IST" skipped="0">
  <testcase classname="getPropProg.check" name="Checktest" time="0.016"/>
  <system-out/>
</testsuite> <!-- getPropProg.check -->
